
~~~~~~~~~~~~~~~~~~~~~~~~~~~~~~~~~~~~~~~~~~~~~~~~~~~~~~~~~~~~~~~~~~~~~~~~~~~~~~~~

dataset_size = 32.00 MB    numObjs = 262144    numCoords = 16    numClusters = 32
Initial cluster centers:
clusters[0] =   0.00   8.00   8.35   1.07   7.63   6.35   4.28  10.00   6.72   3.34   2.51   5.59   2.44   3.35   5.44   2.78
clusters[1] =   1.02   1.22   0.58   5.50   2.22   0.68   8.89   9.14   8.69   2.67   2.72   9.27   8.86   9.32   3.71   5.94
clusters[2] =   1.06   3.44   4.49   5.51   1.72   6.81   2.74   0.34   9.66   5.11   3.94   8.26   0.26   8.72   2.65   0.79
clusters[3] =   1.09   5.65   8.40   5.51   1.24   2.93   6.59   1.55   0.63   7.55   5.17   7.26   1.66   8.13   1.58   5.64
clusters[4] =   2.11   8.89   0.64   9.95   5.82   7.27   1.19   0.69   2.60   6.88   5.37   0.94   8.08   4.10   9.86   8.81
clusters[5] =   2.15   1.10   4.54   9.95   5.33   3.41   5.04   1.90   3.57   9.32   6.60   9.93   9.48   3.50   8.79   3.65
clusters[6] =   2.19   3.31   8.45   9.95   4.84   9.53   8.89   3.10   4.54   1.75   7.82   8.93   0.88   2.90   7.73   8.51
clusters[7] =   2.22   5.52   2.35   9.95   4.36   5.66   2.74   4.31   5.50   4.19   9.05   7.92   2.28   2.31   6.67   3.35
clusters[8] =   3.24   8.76   4.60   4.39   8.94  10.00   7.35   3.45   7.47   3.51   9.25   1.60   8.70   8.28   4.95   6.52
clusters[9] =   3.28   0.97   8.50   4.40   8.45   6.13   1.20   4.66   8.45   5.95   0.48   0.60   0.11   7.68   3.88   1.37
clusters[10] =   3.32   3.19   2.41   4.40   7.96   2.26   5.05   5.86   9.41   8.38   1.70   9.59   1.50   7.08   2.82   6.21
clusters[11] =   4.33   6.41   4.65   8.84   2.54   6.59   9.65   5.00   1.38   7.72   1.90   3.28   7.93   3.06   1.09   9.38
clusters[12] =   4.37   8.63   8.55   8.83   2.05   2.72   3.50   6.21   2.35   0.15   3.13   2.27   9.33   2.46   0.03   4.23
clusters[13] =   4.40   0.84   2.46   8.84   1.56   8.85   7.35   7.42   3.32   2.59   4.35   1.26   0.73   1.86   8.96   9.07
clusters[14] =   4.43   3.06   6.37   8.84   1.07   4.98   1.20   8.62   4.28   5.03   5.57   0.26   2.12   1.26   7.90   3.92
clusters[15] =   5.46   6.28   8.61   3.28   5.66   9.32   5.81   7.76   6.26   4.35   5.79   3.94   8.55   7.23   6.17   7.09
clusters[16] =   5.50   8.51   2.51   3.28   5.17   5.45   9.66   8.97   7.22   6.79   7.01   2.93   9.95   6.63   5.11   1.94
clusters[17] =   5.53   0.72   6.42   3.29   4.68   1.58   3.51   0.18   8.19   9.23   8.23   1.93   1.34   6.04   4.04   6.79
clusters[18] =   6.55   3.95   8.66   7.72   9.27   5.91   8.11   9.31   0.16   8.56   8.44   5.61   7.77   2.01   2.32   9.95
clusters[19] =   6.59   6.16   2.57   7.73   8.78   2.04   1.96   0.52   1.13   0.99   9.66   4.60   9.17   1.42   1.26   4.80
clusters[20] =   6.62   8.38   6.47   7.73   8.29   8.17   5.81   1.73   2.10   3.43   0.88   3.60   0.57   0.81   0.19   9.65
clusters[21] =   6.66   0.59   0.38   7.73   7.80   4.30   9.67   2.93   3.07   5.87   2.11   2.59   1.97   0.22   9.12   4.50
clusters[22] =   7.68   3.82   2.61   2.17   2.38   8.64   4.27   2.07   5.04   5.19   2.31   6.27   8.40   6.19   7.41   7.66
clusters[23] =   7.71   6.03   6.52   2.17   1.89   4.77   8.12   3.28   6.01   7.63   3.54   5.27   9.79   5.59   6.34   2.51
clusters[24] =   7.75   8.25   0.42   2.18   1.40   0.90   1.97   4.48   6.97   0.07   4.76   4.26   1.19   4.99   5.27   7.36
clusters[25] =   8.77   1.48   2.67   6.61   5.98   5.23   6.57   3.62   8.94   9.40   4.97   7.95   7.61   0.97   3.55   0.52
clusters[26] =   8.80   3.69   6.57   6.61   5.50   1.36   0.42   4.83   9.92   1.84   6.19   6.94   9.02   0.37   2.49   5.38
clusters[27] =   8.84   5.90   0.48   6.62   5.01   7.49   4.28   6.03   0.88   4.27   7.41   5.93   0.41   9.77   1.42   0.22
clusters[28] =   8.87   8.12   4.39   6.62   4.52   3.62   8.13   7.24   1.85   6.71   8.63   4.92   1.81   9.17   0.35   5.07
clusters[29] =   9.90   1.35   6.63   1.06   9.10   7.96   2.73   6.38   3.82   6.04   8.85   8.61   8.24   5.14   8.64   8.24
clusters[30] =   9.93   3.57   0.54   1.06   8.61   4.09   6.58   7.58   4.79   8.48   0.07   7.60   9.64   4.54   7.57   3.08
clusters[31] =   9.97   5.78   4.44   1.06   8.12   0.21   0.43   8.79   5.76   0.90   1.29   6.59   1.04   3.95   6.50   7.93

OpenMP Kmeans - Lock (nosync)	(number of threads: 8)
	completed loop 1	completed loop 2	completed loop 3	completed loop 4	completed loop 5	completed loop 6	completed loop 7	completed loop 8	completed loop 9	completed loop 10
        nloops =  10   (total =  0.3629s)  (per loop =  0.0363s)

Final cluster centers:
clusters[0] =   2.84   6.75   6.99   2.82   6.49   6.16   5.90   6.94   5.69   4.16   4.20   5.99   3.89   3.04   5.16   3.12 
clusters[1] =   3.65   2.89   3.58   5.19   3.66   2.82   6.86   6.78   5.57   2.75   4.27   6.68   6.91   6.69   5.31   5.30 
clusters[2] =   3.39   5.12   5.14   5.20   2.68   6.54   3.33   3.32   7.51   4.41   3.63   6.27   3.61   6.83   3.97   2.80 
clusters[3] =   2.78   5.19   6.47   2.83   3.42   3.75   5.46   3.70   2.33   6.03   5.16   6.28   3.11   6.52   3.43   5.62 
clusters[4] =   3.60   6.98   3.55   6.55   6.18   5.07   2.94   3.51   3.98   6.62   4.35   2.75   5.63   5.72   7.21   6.63 
clusters[5] =   3.03   3.48   6.17   6.72   5.61   3.75   4.43   3.14   3.92   6.82   5.63   7.05   7.17   5.70   6.73   3.14 
clusters[6] =   4.58   3.82   7.38   6.75   4.22   6.12   7.14   2.99   5.44   3.07   6.23   6.50   3.36   4.20   6.78   6.32 
clusters[7] =   3.20   6.83   2.65   6.74   4.35   5.19   3.46   5.15   5.06   4.57   6.99   7.33   3.55   2.75   6.30   4.53 
clusters[8] =   3.48   6.62   4.05   4.14   7.00   6.50   6.97   2.75   6.53   3.32   6.55   4.22   6.53   6.82   4.43   5.76 
clusters[9] =   4.78   2.82   6.68   5.17   7.41   5.75   3.80   5.43   6.41   5.02   3.22   2.57   4.77   7.20   4.32   3.07 
clusters[10] =   3.84   4.44   3.45   5.13   7.03   3.94   5.03   5.85   7.30   7.22   3.35   7.03   3.29   6.32   3.80   6.99 
clusters[11] =   3.86   5.47   3.56   5.98   2.67   5.96   6.84   4.66   4.40   7.42   3.17   4.26   6.72   3.83   2.86   6.76 
clusters[12] =   3.73   6.72   6.68   6.80   3.26   4.26   4.19   6.21   3.48   2.71   3.38   3.30   6.95   4.61   3.54   3.87 
clusters[13] =   4.54   3.05   3.24   5.02   3.84   7.23   6.60   7.44   5.20   3.46   5.29   2.94   3.33   4.49   5.85   6.96 
clusters[14] =   5.47   3.54   6.52   6.05   2.72   4.49   2.94   6.92   4.28   6.79   5.21   3.37   3.45   3.15   6.71   3.49 
clusters[15] =   5.46   6.36   7.09   5.16   4.05   7.05   4.25   7.27   6.78   5.38   6.29   5.39   7.30   7.43   6.59   7.11 
clusters[16] =   3.90   6.14   3.10   3.72   4.61   4.13   6.20   7.26   6.39   6.60   7.21   2.83   6.59   5.24   5.62   2.81 
clusters[17] =   5.17   2.88   5.75   3.39   4.23   3.64   4.28   2.93   6.96   7.06   7.03   2.77   3.81   4.87   4.32   6.57 
clusters[18] =   4.56   3.80   6.92   5.68   7.09   5.14   6.37   7.07   3.03   6.53   6.48   4.65   6.64   3.14   3.44   6.85 
clusters[19] =   5.14   4.14   3.43   3.75   6.30   3.35   3.73   3.27   2.73   3.14   6.81   3.89   6.82   3.68   3.02   4.03 
clusters[20] =   6.77   6.94   6.26   5.42   6.58   7.18   4.44   3.25   4.22   4.78   3.20   4.17   3.03   3.30   2.97   6.38 
clusters[21] =   5.39   3.58   3.30   5.95   6.52   3.48   7.26   3.20   4.03   4.20   3.38   3.45   3.19   3.59   6.68   3.26 
clusters[22] =   6.04   3.40   3.90   3.33   3.07   7.09   3.36   3.05   4.06   4.07   3.03   5.66   7.02   4.81   6.11   6.83 
clusters[23] =   7.07   6.62   7.17   3.28   3.39   3.97   6.95   3.09   5.48   5.97   3.77   4.78   6.55   5.13   6.59   3.32 
clusters[24] =   6.41   7.28   2.75   2.97   2.92   3.06   4.21   4.80   6.64   3.16   4.97   3.82   3.11   4.73   5.02   5.79 
clusters[25] =   7.24   3.64   3.87   6.16   5.07   6.94   6.40   4.41   7.17   6.54   5.63   6.52   5.77   3.11   3.42   2.77 
clusters[26] =   6.58   4.91   6.36   6.16   5.41   2.98   3.06   5.01   7.61   3.34   5.94   6.37   6.91   3.30   3.39   6.07 
clusters[27] =   6.69   4.64   3.29   5.83   4.53   7.24   4.04   5.93   2.74   3.76   6.10   5.71   3.74   7.39   3.39   2.96 
clusters[28] =   7.08   7.06   5.64   7.06   4.95   2.96   6.91   6.17   4.15   6.07   6.86   4.81   3.18   7.02   3.92   5.12 
clusters[29] =   6.74   3.83   5.25   2.60   6.99   6.66   3.46   5.01   3.92   5.86   7.66   6.93   4.38   5.13   7.12   5.61 
clusters[30] =   6.79   5.63   2.78   3.71   6.65   4.58   4.83   7.09   3.51   6.58   2.53   6.57   6.92   4.96   5.79   3.59 
clusters[31] =   6.37   4.92   6.64   4.49   6.58   2.78   3.73   6.60   3.73   2.90   2.96   5.78   3.37   5.59   6.78   7.06 
