
~~~~~~~~~~~~~~~~~~~~~~~~~~~~~~~~~~~~~~~~~~~~~~~~~~~~~~~~~~~~~~~~~~~~~~~~~~~~~~~~

dataset_size = 32.00 MB    numObjs = 262144    numCoords = 16    numClusters = 32
Initial cluster centers:
clusters[0] =   0.00   8.00   8.35   1.07   7.63   6.35   4.28  10.00   6.72   3.34   2.51   5.59   2.44   3.35   5.44   2.78
clusters[1] =   1.02   1.22   0.58   5.50   2.22   0.68   8.89   9.14   8.69   2.67   2.72   9.27   8.86   9.32   3.71   5.94
clusters[2] =   1.06   3.44   4.49   5.51   1.72   6.81   2.74   0.34   9.66   5.11   3.94   8.26   0.26   8.72   2.65   0.79
clusters[3] =   1.09   5.65   8.40   5.51   1.24   2.93   6.59   1.55   0.63   7.55   5.17   7.26   1.66   8.13   1.58   5.64
clusters[4] =   2.11   8.89   0.64   9.95   5.82   7.27   1.19   0.69   2.60   6.88   5.37   0.94   8.08   4.10   9.86   8.81
clusters[5] =   2.15   1.10   4.54   9.95   5.33   3.41   5.04   1.90   3.57   9.32   6.60   9.93   9.48   3.50   8.79   3.65
clusters[6] =   2.19   3.31   8.45   9.95   4.84   9.53   8.89   3.10   4.54   1.75   7.82   8.93   0.88   2.90   7.73   8.51
clusters[7] =   2.22   5.52   2.35   9.95   4.36   5.66   2.74   4.31   5.50   4.19   9.05   7.92   2.28   2.31   6.67   3.35
clusters[8] =   3.24   8.76   4.60   4.39   8.94  10.00   7.35   3.45   7.47   3.51   9.25   1.60   8.70   8.28   4.95   6.52
clusters[9] =   3.28   0.97   8.50   4.40   8.45   6.13   1.20   4.66   8.45   5.95   0.48   0.60   0.11   7.68   3.88   1.37
clusters[10] =   3.32   3.19   2.41   4.40   7.96   2.26   5.05   5.86   9.41   8.38   1.70   9.59   1.50   7.08   2.82   6.21
clusters[11] =   4.33   6.41   4.65   8.84   2.54   6.59   9.65   5.00   1.38   7.72   1.90   3.28   7.93   3.06   1.09   9.38
clusters[12] =   4.37   8.63   8.55   8.83   2.05   2.72   3.50   6.21   2.35   0.15   3.13   2.27   9.33   2.46   0.03   4.23
clusters[13] =   4.40   0.84   2.46   8.84   1.56   8.85   7.35   7.42   3.32   2.59   4.35   1.26   0.73   1.86   8.96   9.07
clusters[14] =   4.43   3.06   6.37   8.84   1.07   4.98   1.20   8.62   4.28   5.03   5.57   0.26   2.12   1.26   7.90   3.92
clusters[15] =   5.46   6.28   8.61   3.28   5.66   9.32   5.81   7.76   6.26   4.35   5.79   3.94   8.55   7.23   6.17   7.09
clusters[16] =   5.50   8.51   2.51   3.28   5.17   5.45   9.66   8.97   7.22   6.79   7.01   2.93   9.95   6.63   5.11   1.94
clusters[17] =   5.53   0.72   6.42   3.29   4.68   1.58   3.51   0.18   8.19   9.23   8.23   1.93   1.34   6.04   4.04   6.79
clusters[18] =   6.55   3.95   8.66   7.72   9.27   5.91   8.11   9.31   0.16   8.56   8.44   5.61   7.77   2.01   2.32   9.95
clusters[19] =   6.59   6.16   2.57   7.73   8.78   2.04   1.96   0.52   1.13   0.99   9.66   4.60   9.17   1.42   1.26   4.80
clusters[20] =   6.62   8.38   6.47   7.73   8.29   8.17   5.81   1.73   2.10   3.43   0.88   3.60   0.57   0.81   0.19   9.65
clusters[21] =   6.66   0.59   0.38   7.73   7.80   4.30   9.67   2.93   3.07   5.87   2.11   2.59   1.97   0.22   9.12   4.50
clusters[22] =   7.68   3.82   2.61   2.17   2.38   8.64   4.27   2.07   5.04   5.19   2.31   6.27   8.40   6.19   7.41   7.66
clusters[23] =   7.71   6.03   6.52   2.17   1.89   4.77   8.12   3.28   6.01   7.63   3.54   5.27   9.79   5.59   6.34   2.51
clusters[24] =   7.75   8.25   0.42   2.18   1.40   0.90   1.97   4.48   6.97   0.07   4.76   4.26   1.19   4.99   5.27   7.36
clusters[25] =   8.77   1.48   2.67   6.61   5.98   5.23   6.57   3.62   8.94   9.40   4.97   7.95   7.61   0.97   3.55   0.52
clusters[26] =   8.80   3.69   6.57   6.61   5.50   1.36   0.42   4.83   9.92   1.84   6.19   6.94   9.02   0.37   2.49   5.38
clusters[27] =   8.84   5.90   0.48   6.62   5.01   7.49   4.28   6.03   0.88   4.27   7.41   5.93   0.41   9.77   1.42   0.22
clusters[28] =   8.87   8.12   4.39   6.62   4.52   3.62   8.13   7.24   1.85   6.71   8.63   4.92   1.81   9.17   0.35   5.07
clusters[29] =   9.90   1.35   6.63   1.06   9.10   7.96   2.73   6.38   3.82   6.04   8.85   8.61   8.24   5.14   8.64   8.24
clusters[30] =   9.93   3.57   0.54   1.06   8.61   4.09   6.58   7.58   4.79   8.48   0.07   7.60   9.64   4.54   7.57   3.08
clusters[31] =   9.97   5.78   4.44   1.06   8.12   0.21   0.43   8.79   5.76   0.90   1.29   6.59   1.04   3.95   6.50   7.93

OpenMP Kmeans - Lock (nosync)	(number of threads: 4)
	completed loop 1	completed loop 2	completed loop 3	completed loop 4	completed loop 5	completed loop 6	completed loop 7	completed loop 8	completed loop 9	completed loop 10
        nloops =  10   (total =  0.8375s)  (per loop =  0.0837s)

Final cluster centers:
clusters[0] =   2.83   6.59   6.93   2.73   6.48   6.00   5.95   6.88   5.64   4.09   4.26   6.04   3.84   2.94   5.02   3.04 
clusters[1] =   3.66   2.93   3.56   5.26   3.67   2.83   6.80   6.76   5.59   2.80   4.51   6.67   7.03   6.75   5.49   5.56 
clusters[2] =   3.41   4.96   5.24   5.16   2.66   6.53   3.35   3.34   7.60   4.48   3.90   6.51   3.70   6.99   4.14   2.84 
clusters[3] =   2.74   5.23   6.52   2.89   3.47   3.76   5.48   3.68   2.34   6.04   5.27   6.39   3.16   6.56   3.57   5.72 
clusters[4] =   3.84   7.03   3.65   6.73   6.23   5.18   2.94   3.60   4.19   6.75   4.54   2.85   5.87   5.83   7.23   6.75 
clusters[5] =   3.04   3.57   6.34   6.90   5.70   3.95   4.60   3.31   4.01   6.80   5.70   7.09   7.17   5.74   6.79   3.19 
clusters[6] =   5.03   4.02   7.43   6.92   4.30   6.34   7.27   3.14   5.52   3.18   6.16   6.61   3.50   4.38   6.80   6.39 
clusters[7] =   3.29   7.00   2.80   6.96   4.54   5.51   3.52   5.30   5.16   4.62   6.93   7.26   3.53   2.81   6.40   4.53 
clusters[8] =   3.54   6.71   4.01   4.18   7.07   6.55   7.02   2.73   6.53   3.34   6.47   4.19   6.45   6.76   4.42   5.56 
clusters[9] =   4.71   2.82   6.74   5.30   7.47   5.76   3.86   5.30   6.16   5.00   3.19   2.56   4.55   7.13   4.28   2.96 
clusters[10] =   3.73   4.33   3.35   5.05   7.01   3.92   4.91   5.87   7.19   7.02   3.23   6.84   3.25   6.14   3.54   6.91 
clusters[11] =   3.78   5.43   3.51   5.95   2.70   5.91   6.86   4.55   4.28   7.34   3.12   4.20   6.66   3.69   2.86   6.65 
clusters[12] =   3.57   6.67   6.48   6.91   3.30   4.00   4.12   6.00   3.45   2.73   3.23   3.43   6.80   4.39   3.47   3.63 
clusters[13] =   4.47   3.00   3.12   5.04   3.91   7.18   6.59   7.35   5.12   3.45   5.28   2.94   3.24   4.31   5.87   6.92 
clusters[14] =   5.37   3.44   6.52   5.97   2.70   4.43   2.95   6.89   4.12   6.67   5.20   3.36   3.41   3.15   6.68   3.48 
clusters[15] =   5.49   6.38   7.33   4.70   4.01   7.37   4.54   7.47   6.30   4.65   5.41   4.21   7.01   7.17   5.75   6.76 
clusters[16] =   3.92   6.14   3.09   3.70   4.56   4.09   6.09   7.28   6.45   6.68   7.19   2.89   6.67   5.33   5.72   2.92 
clusters[17] =   5.08   2.84   5.85   3.35   4.34   3.66   4.34   2.90   6.97   7.00   6.98   2.74   3.82   4.84   4.47   6.64 
clusters[18] =   4.70   3.89   6.87   5.76   7.08   5.05   6.39   7.06   3.05   6.53   6.54   4.73   6.59   3.09   3.41   6.81 
clusters[19] =   5.15   4.06   3.48   3.70   6.33   3.38   3.72   3.22   2.71   3.12   6.89   3.97   6.85   3.74   3.12   4.07 
clusters[20] =   6.67   6.82   6.22   5.26   6.51   7.08   4.30   3.19   4.07   4.73   3.21   4.14   2.96   3.17   2.91   6.35 
clusters[21] =   5.21   3.54   3.29   5.83   6.48   3.43   7.20   3.10   3.97   4.11   3.40   3.49   3.16   3.59   6.77   3.30 
clusters[22] =   6.03   3.44   3.79   3.39   3.07   7.02   3.39   2.96   4.06   4.10   3.02   5.77   6.97   4.84   6.20   6.84 
clusters[23] =   6.99   6.57   7.12   3.22   3.32   3.82   6.86   3.09   5.52   5.95   3.73   4.74   6.53   4.97   6.52   3.26 
clusters[24] =   6.16   7.20   2.70   2.95   2.88   2.96   4.05   4.67   6.50   3.14   4.92   3.79   3.00   4.57   4.94   5.64 
clusters[25] =   7.24   3.61   3.84   6.10   5.07   6.90   6.33   4.41   7.14   6.48   5.47   6.41   5.76   3.05   3.34   2.75 
clusters[26] =   6.55   4.93   6.40   6.20   5.26   2.97   3.01   4.98   7.59   3.39   5.98   6.34   6.94   3.39   3.43   6.14 
clusters[27] =   6.61   4.52   3.20   5.72   4.44   7.21   3.96   5.82   2.67   3.80   6.04   5.60   3.68   7.35   3.33   2.95 
clusters[28] =   7.09   7.01   5.44   7.01   4.77   2.94   6.86   6.09   4.21   6.09   6.77   4.74   3.12   7.03   3.81   5.02 
clusters[29] =   6.65   3.97   5.27   2.56   6.75   6.47   3.33   5.31   4.23   5.99   7.70   7.10   4.60   5.38   7.12   5.75 
clusters[30] =   6.79   5.53   2.75   3.67   6.67   4.60   4.84   7.03   3.47   6.53   2.49   6.48   6.90   4.93   5.76   3.52 
clusters[31] =   6.53   5.22   6.64   4.65   6.67   2.81   3.86   6.62   3.94   3.02   2.93   5.93   3.38   5.68   6.92   7.02 
